[0;34m-------------------------------------------------------------------[0m
[0;34m[Setting up Inference Runtime][0m
[0;34m[INFO][0m Checking inference libraries...
[0;34m[INFO][0m Checking inference runtimes...
[0;32m[SUCCESS][0m LibTorch already exists and is valid
[0;32m[SUCCESS][0m ONNX Runtime already exists and is valid
[0;32m[SUCCESS][0m All inference runtimes are ready
[0;32m[SUCCESS][0m Inference runtime setup completed!
[0;34m-------------------------------------------------------------------[0m
[0;34m[Setting up Robot Descriptions][0m
[0;34m[INFO][0m Checking robot description files...
[0;34m-------------------------------------------------------------------[0m
[0;34m[Robot Descriptions Setup][0m
[0;32m[SUCCESS][0m Robot descriptions are up-to-date (version: 1.0.1)
[0;34m[INFO][0m Installation path: /home/h_fujiwara/projects/rl_sar/src/rl_sar_zoo
[0;32m[SUCCESS][0m Robot descriptions setup completed!
[0;34m-------------------------------------------------------------------[0m
[0;34m[Setting up MuJoCo][0m
[0;34m[INFO][0m Checking MuJoCo library...
[0;34m-------------------------------------------------------------------[0m
[0;34m[MuJoCo Setup][0m
[0;32m[SUCCESS][0m MuJoCo 3.2.7 is already installed and valid
[0;32m[SUCCESS][0m MuJoCo setup completed!
[0;34m-------------------------------------------------------------------[0m
[0;34m[Running MuJoCo Build][0m
[0;34m[INFO][0m Building with MuJoCo simulator support...
[0;34m-------------------------------------------------------------------[0m
-- The CXX compiler identification is GNU 13.3.0
-- Detecting CXX compiler ABI info
-- Detecting CXX compiler ABI info - done
-- Check for working CXX compiler: /usr/bin/c++ - skipped
-- Detecting CXX compile features
-- Detecting CXX compile features - done
CMake Warning at CMakeLists.txt:25 (message):
  ROS_DISTRO not set, assuming non-ROS mode


-- Found ONNX Runtime at: /home/h_fujiwara/projects/rl_sar/library/inference_runtime/onnxruntime
-- ONNX Runtime library: /home/h_fujiwara/projects/rl_sar/library/inference_runtime/onnxruntime/lib/libonnxruntime.so
-- Found LibTorch at: /home/h_fujiwara/projects/rl_sar/library/inference_runtime/libtorch
-- Found CUDA: /usr/local/cuda (found version "13.0") 
-- The CUDA compiler identification is NVIDIA 13.0.88
-- Detecting CUDA compiler ABI info
-- Detecting CUDA compiler ABI info - done
-- Check for working CUDA compiler: /usr/local/cuda/bin/nvcc - skipped
-- Detecting CUDA compile features
-- Detecting CUDA compile features - done
-- Found CUDAToolkit: /usr/local/cuda/include (found version "13.0.88") 
-- Performing Test CMAKE_HAVE_LIBC_PTHREAD
-- Performing Test CMAKE_HAVE_LIBC_PTHREAD - Success
-- Found Threads: TRUE  
-- PyTorch: CUDA detected: 13.0
-- PyTorch: CUDA nvcc is: /usr/local/cuda/bin/nvcc
-- PyTorch: CUDA toolkit directory: /usr/local/cuda
-- PyTorch: Header version is: 13.0
-- Found Python: /usr/bin/python3 (found version "3.12.3") found components: Interpreter 
CMake Warning at /home/h_fujiwara/projects/rl_sar/library/inference_runtime/libtorch/share/cmake/Caffe2/public/cuda.cmake:140 (message):
  Failed to compute shorthash for libnvrtc.so
Call Stack (most recent call first):
  /home/h_fujiwara/projects/rl_sar/library/inference_runtime/libtorch/share/cmake/Caffe2/Caffe2Config.cmake:86 (include)
  /home/h_fujiwara/projects/rl_sar/library/inference_runtime/libtorch/share/cmake/Torch/TorchConfig.cmake:68 (find_package)
  CMakeLists.txt:183 (find_package)


-- USE_CUDNN is set to 0. Compiling without cuDNN support
-- USE_CUSPARSELT is set to 0. Compiling without cuSPARSELt support
-- USE_CUDSS is set to 0. Compiling without cuDSS support
-- USE_CUFILE is set to 0. Compiling without cuFile support
-- Autodetected CUDA architecture(s):  12.1(2.0)
-- Added CUDA NVCC flags for: -gencode;arch=compute_20,code=sm_121
CMake Warning at /home/h_fujiwara/projects/rl_sar/library/inference_runtime/libtorch/share/cmake/Torch/TorchConfig.cmake:22 (message):
  static library kineto_LIBRARY-NOTFOUND not found.
Call Stack (most recent call first):
  /home/h_fujiwara/projects/rl_sar/library/inference_runtime/libtorch/share/cmake/Torch/TorchConfig.cmake:125 (append_torchlib_if_found)
  CMakeLists.txt:183 (find_package)


-- LibTorch version: 2.9.1
-- Torch libraries: torch;torch_library;/home/h_fujiwara/projects/rl_sar/library/inference_runtime/libtorch/lib/libc10.so;/usr/local/cuda/lib64/libnvrtc.so;/home/h_fujiwara/projects/rl_sar/library/inference_runtime/libtorch/lib/libc10_cuda.so
-- Configured RPATH:
--   - /home/h_fujiwara/projects/rl_sar/library/inference_runtime/libtorch/lib
--   - /home/h_fujiwara/projects/rl_sar/library/inference_runtime/onnxruntime/lib
-- Found Python3: /usr/bin/python3 (found version "3.12.3") found components: Interpreter Development Development.Module Development.Embed 
-- Added Python library path to RPATH: /usr/lib/aarch64-linux-gnu
-- Current system architecture: aarch64
-- The C compiler identification is GNU 13.3.0
-- Detecting C compiler ABI info
-- Detecting C compiler ABI info - done
-- Check for working C compiler: /usr/bin/cc - skipped
-- Detecting C compile features
-- Detecting C compile features - done
-- Current system architecture: aarch64
-- Importing: /home/h_fujiwara/projects/rl_sar/src/rl_sar/library/thirdparty/robot_sdk/unitree/unitree_sdk2/thirdparty/lib/aarch64/libddsc.so
-- Importing: /home/h_fujiwara/projects/rl_sar/src/rl_sar/library/thirdparty/robot_sdk/unitree/unitree_sdk2/thirdparty/lib/aarch64/libddscxx.so
-- Unitree SDK library found at: /home/h_fujiwara/projects/rl_sar/src/rl_sar/library/thirdparty/robot_sdk/unitree/unitree_sdk2/lib/aarch64/libunitree_sdk2.a
-- Importing: /home/h_fujiwara/projects/rl_sar/src/rl_sar/library/thirdparty/robot_sdk/unitree/unitree_sdk2/lib/aarch64/libunitree_sdk2.a
-- Found Python3: /usr/include/python3.12 (found version "3.12.3") found components: NumPy Interpreter Development.Module 
-- Added MuJoCo to RPATH: /home/h_fujiwara/projects/rl_sar/library/mujoco/lib
-- MuJoCo configured: /home/h_fujiwara/projects/rl_sar/library/mujoco
-- ========================================
--        RL_SAR Build Configuration       
-- ========================================
-- Project: rl_sar v4.0.0
-- System: Linux
-- Architecture: aarch64
-- C++ Standard: 17
-- Build Type: Debug
-- Compiler: GNU 13.3.0
-- USE_CMAKE: ON
-- ----------------------------------------
-- Backend Configuration:
-- USE_TORCH: ON
-- USE_ONNX: ON
-- LibTorch version: 2.9.1
-- ONNX Runtime version: 1.22.0
-- ----------------------------------------
-- Simulator Configuration:
-- USE_MUJOCO: ON
-- MuJoCo: Enabled
-- ========================================
-- Configuring done (3.1s)
-- Generating done (0.0s)
-- Build files have been written to: /home/h_fujiwara/projects/rl_sar/cmake_build
[  3%] Building CXX object CMakeFiles/motion_loader.dir/library/core/motion_loader/motion_loader.cpp.o
[  6%] Building CXX object CMakeFiles/inference_runtime.dir/library/core/inference_runtime/inference_runtime.cpp.o
[ 10%] Building CXX object CMakeFiles/observation_buffer.dir/library/core/observation_buffer/observation_buffer.cpp.o
[ 13%] Linking CXX static library lib/libobservation_buffer.a
[ 13%] Built target observation_buffer
[ 16%] Linking CXX static library lib/libmotion_loader.a
[ 16%] Built target motion_loader
[ 20%] Linking CXX static library lib/libinference_runtime.a
[ 20%] Built target inference_runtime
[ 23%] Building CXX object CMakeFiles/rl_sdk.dir/library/core/rl_sdk/rl_sdk.cpp.o
[ 26%] Linking CXX static library lib/librl_sdk.a
[ 26%] Built target rl_sdk
[ 33%] Building CXX object CMakeFiles/rl_real_lite3.dir/src/rl_real_lite3.cpp.o
[ 33%] Building CXX object CMakeFiles/rl_real_lite3.dir/library/thirdparty/robot_sdk/deeprobotics/gamepad/src/gamepad.cpp.o
[ 36%] Building CXX object CMakeFiles/rl_real_lite3.dir/library/thirdparty/robot_sdk/deeprobotics/gamepad/src/retroid_gamepad.cpp.o
[ 40%] Building CXX object CMakeFiles/rl_real_a1.dir/src/rl_real_a1.cpp.o
[ 43%] Building CXX object CMakeFiles/rl_real_lite3.dir/library/thirdparty/robot_sdk/deeprobotics/gamepad/src/udp_receiver.cpp.o
[ 46%] Building CXX object CMakeFiles/rl_sim_mujoco.dir/library/thirdparty/mujoco_simulate/glfw_adapter.cc.o
[ 50%] Building CXX object CMakeFiles/rl_sim_mujoco.dir/library/thirdparty/mujoco_simulate/simulate.cc.o
[ 53%] Building CXX object CMakeFiles/rl_real_d1.dir/src/rl_real_d1.cpp.o
[ 56%] Building CXX object CMakeFiles/rl_sim_mujoco.dir/src/rl_sim_mujoco.cpp.o
[ 66%] Building CXX object CMakeFiles/rl_real_go2.dir/src/rl_real_go2.cpp.o
[ 66%] Building CXX object CMakeFiles/rl_sim_mujoco.dir/library/thirdparty/mujoco_simulate/glfw_dispatch.cc.o
[ 66%] Building CXX object CMakeFiles/rl_real_l4w4.dir/src/rl_real_l4w4.cpp.o
[ 70%] Building CXX object CMakeFiles/rl_sim_mujoco.dir/library/thirdparty/joystick/joystick.cc.o
[ 73%] Building CXX object CMakeFiles/rl_real_g1.dir/src/rl_real_g1.cpp.o
[ 76%] Building CXX object CMakeFiles/rl_sim_mujoco.dir/library/thirdparty/mujoco_simulate/platform_ui_adapter.cc.o
In file included from /usr/include/c++/13/tuple:38,
                 from /usr/include/c++/13/bits/unique_ptr.h:36,
                 from /usr/include/c++/13/bits/shared_ptr_base.h:59,
                 from /usr/include/c++/13/bits/shared_ptr.h:53,
                 from /usr/include/c++/13/condition_variable:45,
                 from /home/h_fujiwara/projects/rl_sar/src/rl_sar/library/thirdparty/mujoco_simulate/simulate.h:20,
                 from /home/h_fujiwara/projects/rl_sar/src/rl_sar/library/thirdparty/mujoco_simulate/simulate.cc:15:
/usr/include/c++/13/bits/stl_pair.h: In instantiation of ‘constexpr std::pair<typename std::__strip_reference_wrapper<typename std::decay<_Tp>::type>::__type, typename std::__strip_reference_wrapper<typename std::decay<_Tp2>::type>::__type> std::make_pair(_T1&&, _T2&&) [with _T1 = double&; _T2 = double&; typename __strip_reference_wrapper<typename decay<_Tp>::type>::__type = double; typename decay<_Tp>::type = double; typename __strip_reference_wrapper<typename decay<_Tp2>::type>::__type = double; typename decay<_Tp2>::type = double]’:
/home/h_fujiwara/projects/rl_sar/src/rl_sar/library/thirdparty/mujoco_simulate/simulate.cc:2194:25:   required from here
/usr/include/c++/13/bits/stl_pair.h:922:5: note: parameter passing for argument of type ‘std::pair<double, double>’ when C++17 is enabled changed to match C++14 in GCC 10.1
  922 |     make_pair(_T1&& __x, _T2&& __y)
      |     ^~~~~~~~~
/home/h_fujiwara/projects/rl_sar/src/rl_sar/library/thirdparty/mujoco_simulate/glfw_adapter.cc: In member function ‘virtual std::pair<double, double> mujoco::GlfwAdapter::GetCursorPosition() const’:
/home/h_fujiwara/projects/rl_sar/src/rl_sar/library/thirdparty/mujoco_simulate/glfw_adapter.cc:118:60: note: parameter passing for argument of type ‘std::pair<double, double>’ when C++17 is enabled changed to match C++14 in GCC 10.1
  118 | std::pair<double, double> GlfwAdapter::GetCursorPosition() const {
      |                                                            ^~~~~
/home/h_fujiwara/projects/rl_sar/src/rl_sar/library/thirdparty/mujoco_simulate/platform_ui_adapter.cc: In member function ‘void mujoco::PlatformUIAdapter::UpdateMjuiState()’:
/home/h_fujiwara/projects/rl_sar/src/rl_sar/library/thirdparty/mujoco_simulate/platform_ui_adapter.cc:230:35: note: parameter passing for argument of type ‘std::pair<double, double>’ when C++17 is enabled changed to match C++14 in GCC 10.1
  230 |   auto [x, y] = GetCursorPosition();
      |                                   ^
[ 80%] Linking CXX executable bin/rl_real_l4w4
[ 83%] Linking CXX executable bin/rl_real_d1
[ 83%] Built target rl_real_l4w4
[ 83%] Built target rl_real_d1
[ 86%] Linking CXX executable bin/rl_real_a1
[ 86%] Built target rl_real_a1
[ 90%] Linking CXX executable bin/rl_real_lite3
[ 90%] Built target rl_real_lite3
[ 93%] Linking CXX executable bin/rl_sim_mujoco
[ 93%] Built target rl_sim_mujoco
[ 96%] Linking CXX executable bin/rl_real_g1
[ 96%] Built target rl_real_g1
[100%] Linking CXX executable bin/rl_real_go2
[100%] Built target rl_real_go2
[0;32m[SUCCESS][0m MuJoCo build completed!
